<?xml version="1.0" encoding="UTF-8"?>
<!-- Generated by org.testng.reporters.JUnitReportReporter -->
<testsuite hostname="AustraxPC64" failures="0" tests="4" name="com.booking.qa.testcases.OneWayTripTest" time="25.787" errors="1" timestamp="20 Sep 2022 06:21:02 GMT" skipped="0">
  <testcase classname="com.booking.qa.testcases.OneWayTripTest" name="FlightBookingTest" time="6.168"/>
  <testcase classname="com.booking.qa.testcases.OneWayTripTest" name="travolookLogoImageTest" time="6.908"/>
  <testcase classname="com.booking.qa.testcases.OneWayTripTest" name="LoginTest" time="6.255"/>
  <testcase classname="com.booking.qa.testcases.OneWayTripTest" name="SearchFlightsTest" time="6.456">
    <error message="Cannot invoke &quot;com.booking.qa.pages.OneWayTripPage.SearchForFlights()&quot; because &quot;this.oneWayTrip&quot; is null" type="java.lang.NullPointerException">
      <![CDATA[java.lang.NullPointerException: Cannot invoke "com.booking.qa.pages.OneWayTripPage.SearchForFlights()" because "this.oneWayTrip" is null
at com.booking.qa.testcases.OneWayTripTest.SearchFlightsTest(OneWayTripTest.java:46)
at java.base/jdk.internal.reflect.DirectMethodHandleAccessor.invoke(DirectMethodHandleAccessor.java:104)
at java.base/java.lang.reflect.Method.invoke(Method.java:577)
at org.testng.internal.MethodInvocationHelper.invokeMethod(MethodInvocationHelper.java:124)
at org.testng.internal.Invoker.invokeMethod(Invoker.java:583)
at org.testng.internal.Invoker.invokeTestMethod(Invoker.java:719)
at org.testng.internal.Invoker.invokeTestMethods(Invoker.java:989)
at org.testng.internal.TestMethodWorker.invokeTestMethods(TestMethodWorker.java:125)
at org.testng.internal.TestMethodWorker.run(TestMethodWorker.java:109)
at org.testng.TestRunner.privateRun(TestRunner.java:648)
at org.testng.TestRunner.run(TestRunner.java:505)
at org.testng.SuiteRunner.runTest(SuiteRunner.java:455)
at org.testng.SuiteRunner.runSequentially(SuiteRunner.java:450)
at org.testng.SuiteRunner.privateRun(SuiteRunner.java:415)
at org.testng.SuiteRunner.run(SuiteRunner.java:364)
at org.testng.SuiteRunnerWorker.runSuite(SuiteRunnerWorker.java:52)
at org.testng.SuiteRunnerWorker.run(SuiteRunnerWorker.java:84)
at org.testng.TestNG.runSuitesSequentially(TestNG.java:1208)
at org.testng.TestNG.runSuitesLocally(TestNG.java:1137)
at org.testng.TestNG.runSuites(TestNG.java:1049)
at org.testng.TestNG.run(TestNG.java:1017)
at org.testng.remote.AbstractRemoteTestNG.run(AbstractRemoteTestNG.java:115)
at org.testng.remote.RemoteTestNG.initAndRun(RemoteTestNG.java:251)
at org.testng.remote.RemoteTestNG.main(RemoteTestNG.java:77)
]]>
    </error>
  </testcase> <!-- SearchFlightsTest -->
</testsuite> <!-- com.booking.qa.testcases.OneWayTripTest -->
